Error en el procesamiento de datos JSON: path can be only string, list or RDD
Error en el procesamiento de datos JSON: path can be only string, list or RDD
Error en el procesamiento de datos JSON: path can be only string, list or RDD
Error en el procesamiento de datos JSON: path can be only string, list or RDD
Error en el procesamiento de datos JSON: path can be only string, list or RDD
Error en el procesamiento de datos JSON: path can be only string, list or RDD
Error en el procesamiento de datos JSON: path can be only string, list or RDD
Error en el procesamiento de datos JSON: path can be only string, list or RDD
Error en el procesamiento de datos JSON: path can be only string, list or RDD
Error en el procesamiento de datos JSON: path can be only string, list or RDD
Error en el procesamiento de datos JSON: path can be only string, list or RDD
Error en el procesamiento de datos JSON: path can be only string, list or RDD
Error en el procesamiento de datos JSON: path can be only string, list or RDD
Error en el procesamiento de datos JSON: path can be only string, list or RDD
Error en el procesamiento de datos JSON: path can be only string, list or RDD
Error en el procesamiento de datos JSON: path can be only string, list or RDD
Error en el procesamiento de datos JSON: path can be only string, list or RDD
Error en el procesamiento de datos JSON: path can be only string, list or RDD
Error en el procesamiento de datos JSON: path can be only string, list or RDD
Error en el procesamiento de datos JSON: path can be only string, list or RDD
Error en el procesamiento de datos JSON: path can be only string, list or RDD
Error en el procesamiento de datos JSON: path can be only string, list or RDD
Error en el procesamiento de datos JSON: path can be only string, list or RDD
Error en el procesamiento de datos JSON: path can be only string, list or RDD
Error en el procesamiento de datos JSON: path can be only string, list or RDD
Error en el procesamiento de datos JSON: path can be only string, list or RDD
Error en el procesamiento de datos JSON: path can be only string, list or RDD
Error en el procesamiento de datos JSON: path can be only string, list or RDD
Error en el procesamiento de datos JSON: path can be only string, list or RDD
Error en el procesamiento de datos JSON: path can be only string, list or RDD
Error en el procesamiento de datos JSON: path can be only string, list or RDD
Error en el procesamiento de datos JSON: path can be only string, list or RDD
Error en el procesamiento de datos JSON: path can be only string, list or RDD
Error en el procesamiento de datos JSON: path can be only string, list or RDD
Error en el procesamiento de datos JSON: path can be only string, list or RDD
Error en el procesamiento de datos JSON: path can be only string, list or RDD
Error en el procesamiento de datos JSON: path can be only string, list or RDD
Error en el procesamiento de datos JSON: path can be only string, list or RDD
Error en el procesamiento de datos JSON: path can be only string, list or RDD
Error en el procesamiento de datos JSON: path can be only string, list or RDD
Error en el procesamiento de datos JSON: path can be only string, list or RDD
Error en el procesamiento de datos JSON: path can be only string, list or RDD
Error en el procesamiento de datos JSON: path can be only string, list or RDD
Error en el procesamiento de datos JSON: path can be only string, list or RDD
Error en el procesamiento de datos JSON: path can be only string, list or RDD
Error en el procesamiento de datos JSON: path can be only string, list or RDD
Error en el procesamiento de datos JSON: path can be only string, list or RDD
Error en el procesamiento de datos JSON: path can be only string, list or RDD
Error en el procesamiento de datos JSON: path can be only string, list or RDD
Error en el procesamiento de datos JSON: path can be only string, list or RDD
Error en el procesamiento de datos JSON: path can be only string, list or RDD
Error en el procesamiento de datos JSON: path can be only string, list or RDD
Error en el procesamiento de datos JSON: path can be only string, list or RDD
Error en el procesamiento de datos JSON: path can be only string, list or RDD
Error en el procesamiento de datos JSON: path can be only string, list or RDD
Error en el procesamiento de datos JSON: path can be only string, list or RDD
Error en el procesamiento de datos JSON: path can be only string, list or RDD
Error en el procesamiento de datos JSON: path can be only string, list or RDD
Error en el procesamiento de datos JSON: path can be only string, list or RDD
Error en el procesamiento de datos JSON: path can be only string, list or RDD
Error en el procesamiento de datos JSON: path can be only string, list or RDD
Error en el procesamiento de datos JSON: path can be only string, list or RDD
Error en el procesamiento de datos JSON: path can be only string, list or RDD
Error en el procesamiento de datos JSON: path can be only string, list or RDD
Error en el procesamiento de datos JSON: path can be only string, list or RDD
Error en el procesamiento de datos JSON: path can be only string, list or RDD
Error en el procesamiento de datos JSON: path can be only string, list or RDD
Error en el procesamiento de datos JSON: path can be only string, list or RDD
Error en el procesamiento de datos JSON: path can be only string, list or RDD
Error en el procesamiento de datos JSON: path can be only string, list or RDD
Error en el procesamiento de datos JSON: path can be only string, list or RDD
Error en el procesamiento de datos JSON: path can be only string, list or RDD
Error en el procesamiento de datos JSON: path can be only string, list or RDD
Error en el procesamiento de datos JSON: path can be only string, list or RDD
Error en el procesamiento de datos JSON: path can be only string, list or RDD
Error al iniciar SparkSession: name 'json' is not defined
Error en el procesamiento de datos JSON: name 'json' is not defined
Error al iniciar SparkSession: name 'json' is not defined
Error en el procesamiento de datos JSON: name 'json' is not defined
Error al iniciar SparkSession: name 'json' is not defined
Error en el procesamiento de datos JSON: name 'json' is not defined
Error al iniciar SparkSession: name 'json' is not defined
Error en el procesamiento de datos JSON: name 'json' is not defined
Error al iniciar SparkSession: name 'json' is not defined
Error en el procesamiento de datos JSON: name 'json' is not defined
Error al iniciar SparkSession: name 'json' is not defined
Error en el procesamiento de datos JSON: name 'json' is not defined
Error al iniciar SparkSession: name 'json' is not defined
Error en el procesamiento de datos JSON: name 'json' is not defined
Error al iniciar SparkSession: name 'json' is not defined
Error en el procesamiento de datos JSON: name 'json' is not defined
Error al iniciar SparkSession: name 'json' is not defined
Error en el procesamiento de datos JSON: name 'json' is not defined
Error al iniciar SparkSession: name 'json' is not defined
Error en el procesamiento de datos JSON: name 'json' is not defined
Error al iniciar SparkSession: name 'json' is not defined
Error en el procesamiento de datos JSON: name 'json' is not defined
Error al iniciar SparkSession: name 'json' is not defined
Error en el procesamiento de datos JSON: name 'json' is not defined
Error al iniciar SparkSession: name 'json' is not defined
Error en el procesamiento de datos JSON: name 'json' is not defined
Error al iniciar SparkSession: name 'json' is not defined
Error en el procesamiento de datos JSON: name 'json' is not defined
Error al iniciar SparkSession: name 'json' is not defined
Error en el procesamiento de datos JSON: name 'json' is not defined
Error al iniciar SparkSession: name 'json' is not defined
Error en el procesamiento de datos JSON: name 'json' is not defined
Error en el procesamiento de datos JSON: name 'create_table_bronze' is not defined
Error en el procesamiento de datos JSON: name 'create_table_bronze' is not defined
Error en el procesamiento de datos JSON: name 'create_table_bronze' is not defined
Error en el procesamiento de datos JSON: name 'create_table_bronze' is not defined
Error en el procesamiento de datos JSON: name 'create_table_bronze' is not defined
Error en el procesamiento de datos JSON: name 'create_table_bronze' is not defined
Error en el procesamiento de datos JSON: name 'create_table_bronze' is not defined
Error en el procesamiento de datos JSON: name 'create_table_bronze' is not defined
Error en el procesamiento de datos JSON: name 'create_table_bronze' is not defined
Error en el procesamiento de datos JSON: name 'create_table_bronze' is not defined
Error al crear capa Bronze: name 'append' is not defined
Error en el procesamiento de datos JSON: name 'append' is not defined
Error al crear capa Bronze: name 'append' is not defined
Error en el procesamiento de datos JSON: name 'append' is not defined
Error al crear capa Bronze: name 'append' is not defined
Error en el procesamiento de datos JSON: name 'append' is not defined
Error al crear capa Bronze: name 'append' is not defined
Error en el procesamiento de datos JSON: name 'append' is not defined
Error al crear capa Bronze: name 'append' is not defined
Error en el procesamiento de datos JSON: name 'append' is not defined
Error al crear capa Bronze: name 'append' is not defined
Error en el procesamiento de datos JSON: name 'append' is not defined
Error al crear capa Bronze: name 'append' is not defined
Error en el procesamiento de datos JSON: name 'append' is not defined
